SF:lib\UI\Widgets\CommonWidgets\CommonFunctions.dart
DA:1,6
DA:5,12
DA:6,24
DA:7,2
DA:8,2
LF:5
LH:5
end_of_record
SF:lib\Core\Constants\ColorPalette.dart
DA:6,0
DA:7,0
DA:9,0
DA:102,2
DA:103,2
DA:104,4
DA:105,4
LF:7
LH:4
end_of_record
SF:lib\Core\Constants\ErrorCode.dart
DA:1,0
DA:2,0
DA:3,0
DA:4,0
DA:6,0
DA:7,0
DA:8,0
DA:9,0
DA:10,0
DA:12,0
DA:13,0
DA:14,0
DA:15,0
DA:16,0
LF:14
LH:0
end_of_record
SF:lib\Core\Constants\IconsLibrary.dart
DA:3,0
DA:67,2
DA:68,2
DA:69,4
DA:70,4
LF:5
LH:4
end_of_record
SF:lib\Core\Models\Category.dart
DA:9,5
DA:11,2
DA:12,4
DA:13,4
DA:14,4
DA:15,4
DA:16,4
DA:17,4
DA:20,1
DA:21,7
DA:24,5
DA:25,5
DA:28,5
DA:29,5
DA:32,5
DA:33,5
DA:36,4
DA:37,4
DA:40,4
DA:41,4
DA:44,4
DA:45,4
DA:48,1
DA:49,1
DA:52,6
DA:53,6
DA:56,5
DA:57,5
DA:60,3
DA:61,3
DA:64,3
DA:65,3
DA:68,1
DA:69,1
DA:72,1
DA:74,6
LF:36
LH:36
end_of_record
SF:lib\Core\Models\MonthlyTransactionObject.dart
DA:7,5
DA:9,15
DA:11,2
DA:12,4
DA:13,2
DA:16,2
DA:17,2
DA:20,2
DA:21,2
DA:25,2
DA:26,6
DA:29,4
DA:30,4
DA:33,2
DA:34,2
LF:15
LH:15
end_of_record
SF:lib\Core\Models\Month.dart
DA:2,4
DA:4,12
DA:11,4
DA:12,4
DA:15,4
DA:16,4
DA:19,4
DA:20,4
DA:23,1
DA:24,1
DA:27,4
DA:28,4
DA:31,4
DA:32,4
DA:37,4
DA:39,12
DA:40,16
DA:41,4
DA:42,8
DA:43,8
LF:20
LH:20
end_of_record
SF:lib\Core\Models\Stat.dart
DA:11,2
DA:13,2
DA:14,2
DA:17,2
DA:18,2
DA:21,2
DA:22,2
DA:25,2
DA:26,2
DA:35,2
DA:37,2
DA:38,2
DA:41,2
DA:42,2
DA:45,2
DA:46,2
DA:49,2
DA:50,2
DA:53,1
DA:54,1
DA:64,3
DA:66,2
DA:67,2
DA:70,2
DA:71,2
DA:74,3
DA:75,3
DA:78,3
DA:79,3
DA:82,2
DA:83,2
DA:86,3
DA:87,3
LF:33
LH:33
end_of_record
SF:lib\Core\Models\UserTransaction.dart
DA:10,1
DA:12,2
DA:13,4
DA:14,4
DA:15,8
DA:16,4
DA:17,4
DA:18,4
DA:19,4
DA:22,1
DA:23,1
DA:24,1
DA:25,1
DA:26,1
DA:27,1
DA:28,1
DA:29,1
DA:30,1
DA:34,1
DA:35,1
DA:38,1
DA:39,1
DA:42,1
DA:43,1
DA:46,1
DA:47,1
DA:50,1
DA:51,1
DA:54,1
DA:55,1
DA:58,1
DA:59,1
DA:62,2
DA:63,2
DA:66,1
DA:67,1
DA:70,2
DA:71,2
DA:74,1
DA:75,1
DA:78,2
DA:79,2
DA:82,1
DA:83,1
DA:86,1
DA:87,1
LF:46
LH:46
end_of_record
SF:lib\Core\Services\SQFLiteHelperMethods\MonthlyTransactionService.dart
DA:6,1
DA:7,3
DA:13,1
DA:14,1
DA:16,2
DA:21,1
DA:27,1
DA:28,1
DA:30,3
DA:31,3
DA:47,1
DA:50,1
DA:51,1
DA:52,2
DA:53,0
DA:54,0
DA:58,3
DA:60,1
DA:63,3
DA:64,3
DA:66,3
DA:67,5
DA:69,1
DA:70,3
DA:71,3
DA:74,2
DA:75,1
DA:80,1
DA:84,1
DA:86,3
DA:88,3
DA:93,2
DA:94,1
DA:99,1
DA:100,1
DA:101,1
DA:105,1
DA:107,2
DA:109,3
LF:39
LH:37
end_of_record
SF:lib\Core\Services\SQFLiteHelperMethods\StatService.dart
DA:7,1
DA:8,5
DA:15,1
DA:17,1
DA:18,1
DA:21,4
DA:22,2
DA:26,1
DA:30,1
DA:34,3
DA:35,3
DA:36,5
DA:38,7
DA:39,5
DA:41,11
DA:42,9
DA:44,3
DA:48,2
DA:49,1
DA:52,2
DA:53,1
DA:55,2
DA:60,1
DA:61,1
DA:63,3
DA:64,8
DA:72,1
DA:73,1
DA:76,1
DA:77,1
DA:79,5
DA:81,2
DA:83,5
LF:33
LH:33
end_of_record
SF:lib\Core\Services\Validators\TextFieldValidators.dart
DA:9,1
DA:18,1
DA:20,1
DA:22,1
DA:23,1
DA:24,2
DA:25,1
DA:26,2
DA:27,1
DA:28,1
DA:29,1
DA:30,3
DA:31,1
DA:33,1
DA:35,1
DA:40,1
DA:41,1
DA:42,1
DA:43,2
DA:44,1
DA:45,3
DA:46,1
DA:48,1
LF:23
LH:23
end_of_record
SF:lib\Core\Services\Sqflite\CategoryDatabaseHelper.dart
DA:20,3
DA:22,3
DA:24,3
DA:30,3
DA:31,3
DA:32,0
DA:34,6
DA:35,0
DA:38,3
DA:39,6
DA:40,0
DA:41,0
DA:45,0
DA:46,0
DA:49,0
DA:50,0
DA:51,0
DA:58,0
DA:60,0
DA:62,0
DA:64,0
DA:72,0
DA:73,0
DA:75,0
DA:83,3
DA:84,6
DA:86,0
DA:90,0
DA:91,0
DA:93,0
DA:96,0
DA:101,0
DA:109,0
DA:110,0
DA:112,0
DA:117,0
DA:123,0
DA:124,0
DA:125,0
DA:127,0
DA:128,0
DA:130,0
LF:42
LH:10
end_of_record
SF:lib\Core\Services\Sqflite\TransactionDatabase.dart
DA:15,3
DA:17,3
DA:19,3
DA:25,3
DA:26,3
DA:27,0
DA:29,6
DA:30,0
DA:33,3
DA:34,6
DA:35,0
DA:36,0
DA:39,0
DA:40,0
DA:46,0
DA:48,0
DA:50,0
DA:52,0
DA:60,0
DA:61,0
DA:63,0
DA:71,0
DA:72,0
DA:74,0
DA:77,0
DA:83,3
DA:84,6
DA:86,0
DA:87,0
DA:91,2
DA:92,4
DA:94,0
DA:96,0
DA:103,0
DA:104,0
DA:106,0
DA:112,0
DA:113,0
DA:115,0
DA:120,0
LF:40
LH:12
end_of_record
SF:lib\Core\ViewModels\AppProvider.dart
DA:36,3
DA:37,3
DA:39,12
DA:40,6
DA:43,21
DA:44,6
DA:46,9
DA:49,6
DA:50,0
DA:51,0
DA:52,0
DA:57,15
DA:58,3
DA:59,0
DA:62,0
DA:63,0
DA:64,0
DA:72,0
DA:73,0
DA:74,0
DA:79,0
DA:81,0
DA:82,0
DA:83,0
DA:84,0
DA:89,2
DA:90,2
DA:95,0
DA:96,0
DA:100,0
DA:101,0
DA:104,0
DA:105,0
DA:109,2
DA:110,4
DA:113,0
DA:114,0
DA:119,0
DA:120,0
DA:123,0
DA:124,0
DA:128,0
DA:129,0
DA:132,0
DA:133,0
DA:136,0
DA:137,0
DA:143,0
DA:144,0
DA:148,2
DA:149,4
DA:151,16
DA:152,0
DA:153,0
DA:158,0
DA:160,0
DA:162,0
DA:164,0
DA:175,0
DA:176,0
DA:177,0
DA:183,0
DA:185,0
DA:188,0
DA:189,0
DA:192,0
DA:193,0
DA:194,0
DA:199,0
DA:200,0
DA:201,0
DA:203,0
DA:204,0
DA:205,0
DA:206,0
DA:209,0
LF:76
LH:17
end_of_record
SF:lib\Core\ViewModels\BaseProvider.dart
DA:7,3
DA:8,3
DA:9,3
DA:13,0
DA:14,0
DA:15,0
DA:19,2
DA:20,2
DA:23,0
DA:24,0
LF:10
LH:5
end_of_record
SF:lib\Core\ViewModels\CategoryDBProvider.dart
DA:9,0
DA:10,0
DA:11,0
DA:12,0
DA:13,0
DA:14,0
DA:15,0
DA:17,0
DA:20,3
DA:21,9
DA:24,0
DA:25,0
DA:27,0
DA:33,0
DA:35,0
DA:36,0
DA:37,0
DA:38,0
DA:39,0
DA:40,0
DA:41,0
DA:43,0
DA:49,0
DA:50,0
DA:56,0
DA:57,0
LF:26
LH:2
end_of_record
SF:lib\Core\ViewModels\TransactionDBProvider.dart
DA:10,0
DA:11,0
DA:12,0
DA:13,0
DA:14,0
DA:15,0
DA:16,0
DA:17,0
DA:19,0
DA:24,0
DA:26,0
DA:27,0
DA:28,0
DA:29,0
DA:30,0
DA:31,0
DA:32,0
DA:33,0
DA:35,0
DA:42,2
DA:43,6
DA:47,3
DA:48,9
DA:52,0
DA:53,0
DA:59,0
DA:60,0
LF:27
LH:4
end_of_record
SF:lib\UI\Views\AddExpenseView\AddTransactionView.dart
DA:16,1
DA:18,1
DA:19,3
DA:34,1
DA:35,1
DA:37,1
DA:39,0
DA:44,1
DA:47,2
DA:48,2
DA:49,2
DA:51,1
DA:54,0
DA:55,0
DA:56,0
DA:63,0
DA:64,0
DA:65,0
DA:66,0
DA:67,0
DA:68,0
DA:69,0
DA:70,0
DA:74,1
DA:75,1
DA:80,0
DA:81,0
DA:86,1
DA:88,1
DA:89,1
DA:90,1
DA:91,2
DA:92,0
DA:93,0
DA:95,1
DA:96,1
DA:97,1
DA:98,1
DA:100,1
DA:101,1
DA:102,1
DA:103,1
DA:104,1
DA:105,1
DA:106,2
DA:108,0
DA:109,0
DA:110,0
DA:111,0
DA:112,0
DA:113,0
DA:114,0
DA:115,0
DA:117,0
DA:118,0
DA:119,0
DA:120,0
DA:121,0
DA:122,0
DA:123,0
DA:124,0
DA:125,0
DA:128,0
DA:133,1
DA:134,1
DA:135,1
DA:137,1
DA:138,5
DA:140,5
DA:142,5
DA:144,1
DA:146,1
DA:147,1
DA:150,1
DA:152,1
DA:153,2
DA:154,2
DA:156,0
DA:157,0
DA:158,0
DA:160,0
DA:161,0
DA:168,1
DA:170,1
DA:171,1
DA:172,1
DA:174,1
DA:178,1
DA:179,2
DA:180,1
DA:182,0
DA:183,0
DA:184,0
DA:185,0
LF:94
LH:51
end_of_record
SF:lib\UI\Widgets\CommonWidgets\TopTextButtonStack.dart
DA:44,2
DA:53,2
DA:55,2
DA:56,2
DA:58,2
DA:59,2
DA:61,2
DA:64,2
DA:66,2
DA:69,4
DA:71,1
DA:72,3
DA:73,1
DA:74,0
DA:76,1
DA:77,0
DA:79,1
DA:80,0
DA:82,1
DA:83,0
DA:86,1
DA:91,2
DA:92,1
DA:94,1
LF:24
LH:20
end_of_record
SF:lib\UI\Widgets\FormWidgets\RaisedButtonWidget.dart
DA:5,0
DA:12,1
DA:13,1
DA:14,1
DA:16,1
DA:20,1
DA:21,1
DA:24,1
DA:28,1
DA:31,1
DA:33,1
DA:34,1
DA:36,2
DA:37,1
LF:14
LH:13
end_of_record
SF:lib\UI\Widgets\FormWidgets\TextfieldWidget.dart
DA:9,1
DA:10,2
DA:11,1
DA:16,1
DA:21,1
DA:22,2
DA:25,1
DA:27,1
DA:29,1
DA:31,1
DA:33,1
DA:34,1
DA:36,1
DA:37,1
DA:39,1
DA:48,0
DA:49,0
DA:50,0
DA:51,0
DA:52,0
DA:56,1
DA:57,1
DA:58,1
DA:59,0
DA:60,0
DA:66,0
DA:67,0
DA:69,0
DA:72,0
DA:75,0
DA:77,0
DA:82,0
DA:83,0
DA:84,0
DA:85,0
DA:90,0
DA:91,0
DA:93,0
DA:94,0
DA:95,0
DA:97,0
DA:100,0
DA:101,0
DA:105,0
DA:111,2
DA:115,0
DA:120,0
DA:121,0
DA:123,0
DA:124,0
DA:126,0
DA:127,0
DA:128,0
DA:129,0
DA:132,0
DA:133,5
DA:134,5
DA:138,0
LF:58
LH:21
end_of_record
SF:lib\UI\Widgets\Dialog\ErrorDialog.dart
DA:4,1
DA:5,2
DA:7,1
DA:8,1
DA:9,2
DA:10,1
DA:13,1
DA:15,1
DA:16,1
DA:18,0
DA:19,0
DA:27,1
DA:28,2
DA:30,1
DA:31,1
DA:32,2
DA:34,1
DA:35,1
DA:37,0
DA:38,0
DA:40,0
DA:41,0
DA:46,1
DA:48,0
DA:49,0
LF:25
LH:17
end_of_record
SF:lib\UI\Widgets\Dialog\AddTxDialogPickers.dart
DA:7,45
DA:9,1
DA:10,2
DA:12,1
DA:13,1
DA:14,1
DA:19,0
DA:23,1
DA:24,2
DA:26,1
DA:27,1
DA:28,2
DA:29,1
DA:30,1
DA:32,1
DA:37,1
DA:38,1
DA:39,4
DA:40,4
DA:41,1
DA:42,2
DA:43,1
DA:44,1
DA:45,3
DA:46,3
DA:48,0
DA:49,0
DA:52,1
DA:55,1
DA:60,0
DA:61,0
LF:31
LH:26
end_of_record
SF:lib\UI\Views\CategoryTransactionView\CategoryTransactionView.dart
DA:15,0
DA:17,0
DA:19,0
DA:20,0
DA:21,0
DA:22,0
DA:23,0
DA:24,0
DA:25,0
DA:26,0
DA:28,0
DA:30,0
DA:33,0
DA:35,0
DA:36,0
DA:37,0
DA:42,0
DA:43,0
DA:44,0
DA:45,0
DA:46,0
DA:48,0
DA:50,0
DA:51,0
DA:54,0
DA:61,0
DA:62,0
DA:63,0
DA:64,0
DA:65,0
DA:67,0
DA:68,0
DA:69,0
DA:70,0
DA:71,0
DA:72,0
DA:74,0
DA:75,0
DA:76,0
DA:77,0
DA:78,0
DA:80,0
DA:82,0
LF:43
LH:0
end_of_record
SF:lib\UI\Widgets\MonthlyViewWidget\TransactionItemCard.dart
DA:13,0
DA:15,0
DA:17,0
DA:19,0
DA:20,0
DA:21,0
DA:22,0
DA:23,0
DA:24,0
DA:28,0
DA:29,0
DA:32,0
DA:33,0
DA:34,0
DA:36,0
DA:37,0
DA:38,0
DA:42,0
DA:43,0
DA:44,0
DA:45,0
DA:46,0
DA:47,0
DA:48,0
DA:49,0
DA:53,0
DA:54,0
DA:55,0
DA:56,0
DA:57,0
DA:60,0
DA:61,0
DA:62,0
DA:64,0
DA:65,0
DA:66,0
DA:67,0
DA:69,0
DA:70,0
DA:71,0
DA:75,0
DA:77,0
DA:78,0
DA:79,0
DA:80,0
DA:82,0
DA:83,0
DA:84,0
DA:86,0
DA:87,0
DA:88,0
DA:93,0
DA:94,0
LF:53
LH:0
end_of_record
SF:lib\UI\Views\CreateCategoryView\CreateCategoriesListView.dart
DA:7,0
DA:9,0
DA:11,0
DA:12,0
DA:13,0
DA:14,0
DA:15,0
DA:16,0
DA:17,0
DA:18,0
DA:19,0
DA:21,0
DA:22,0
DA:23,0
DA:24,0
LF:15
LH:0
end_of_record
SF:lib\UI\Widgets\CreateCategoryWidget\CategoryListCardWidget.dart
DA:13,0
DA:15,0
DA:17,0
DA:18,0
DA:19,0
DA:20,0
DA:23,0
DA:24,0
DA:25,0
DA:27,0
DA:28,0
DA:29,0
DA:30,0
DA:31,0
DA:33,0
DA:34,0
DA:35,0
DA:36,0
DA:37,0
DA:40,0
DA:41,0
DA:42,0
DA:44,0
DA:47,0
DA:48,0
DA:50,0
DA:51,0
DA:52,0
DA:53,0
DA:54,0
DA:55,0
DA:56,0
DA:58,0
DA:59,0
DA:67,0
DA:69,0
DA:70,0
DA:71,0
DA:72,0
DA:74,0
DA:75,0
DA:77,0
LF:42
LH:0
end_of_record
SF:lib\UI\Views\CreateCategoryView\CreateCategoryForm.dart
DA:18,0
DA:19,0
DA:32,0
DA:33,0
DA:34,0
DA:38,0
DA:39,0
DA:40,0
DA:44,0
DA:45,0
DA:46,0
DA:47,0
DA:51,0
DA:53,0
DA:54,0
DA:57,0
DA:59,0
DA:60,0
DA:61,0
DA:62,0
DA:64,0
DA:65,0
DA:66,0
DA:67,0
DA:68,0
DA:69,0
DA:70,0
DA:71,0
DA:72,0
DA:73,0
DA:74,0
DA:75,0
DA:81,0
DA:82,0
DA:83,0
DA:84,0
DA:85,0
DA:86,0
DA:87,0
DA:89,0
DA:90,0
DA:92,0
DA:93,0
DA:94,0
DA:95,0
DA:96,0
DA:101,0
DA:103,0
DA:104,0
DA:105,0
DA:106,0
DA:107,0
DA:112,0
DA:114,0
DA:115,0
DA:116,0
DA:122,0
DA:123,0
DA:124,0
DA:125,0
DA:127,0
DA:128,0
DA:129,0
DA:130,0
DA:135,0
DA:136,0
DA:137,0
DA:140,0
DA:141,0
DA:147,0
DA:148,0
DA:149,0
DA:156,0
DA:157,0
DA:159,0
DA:160,0
DA:162,0
DA:163,0
DA:164,0
DA:167,0
DA:171,0
DA:174,0
DA:176,0
DA:177,0
DA:179,0
DA:180,0
DA:181,0
DA:182,0
DA:183,0
DA:184,0
DA:185,0
DA:188,0
DA:192,0
DA:196,0
LF:94
LH:0
end_of_record
SF:lib\UI\Widgets\Dialog\CategoryIconDialog.dart
DA:5,1
DA:6,2
DA:8,1
DA:9,1
DA:10,2
DA:11,1
DA:12,1
DA:14,1
DA:19,1
DA:20,1
DA:21,4
DA:22,4
DA:23,1
DA:25,3
DA:26,1
DA:27,2
DA:28,0
DA:29,0
DA:32,1
DA:34,1
DA:39,0
DA:40,0
LF:22
LH:18
end_of_record
SF:lib\UI\Widgets\Dialog\ColorDialog.dart
DA:4,1
DA:5,2
DA:7,1
DA:8,1
DA:9,2
DA:10,1
DA:11,1
DA:13,1
DA:18,1
DA:19,1
DA:20,4
DA:21,4
DA:22,1
DA:26,3
DA:27,1
DA:28,1
DA:29,1
DA:30,1
DA:32,0
DA:33,0
DA:36,1
DA:39,1
DA:44,0
DA:45,0
LF:24
LH:20
end_of_record
SF:lib\UI\Widgets\Dialog\ConfirmationAlertDialog.dart
DA:3,15
DA:5,1
DA:6,2
DA:8,1
DA:9,1
DA:10,2
DA:11,1
DA:12,1
DA:13,1
DA:15,0
DA:16,0
DA:19,1
DA:21,0
DA:22,0
DA:30,0
DA:33,0
LF:16
LH:10
end_of_record
SF:lib\UI\Views\CreateCategoryView\CreateCategoryView.dart
DA:7,0
DA:9,0
DA:10,0
DA:11,0
DA:12,0
DA:14,0
DA:15,0
DA:16,0
LF:8
LH:0
end_of_record
SF:lib\UI\Views\EditCategoryView\EditCategoryView.dart
DA:17,0
DA:19,0
DA:20,0
DA:31,0
DA:32,0
DA:33,0
DA:34,0
DA:35,0
DA:36,0
DA:37,0
DA:40,0
DA:41,0
DA:42,0
DA:46,0
DA:47,0
DA:48,0
DA:49,0
DA:53,0
DA:55,0
DA:56,0
DA:57,0
DA:58,0
DA:59,0
DA:61,0
DA:62,0
DA:63,0
DA:64,0
DA:65,0
DA:66,0
DA:67,0
DA:68,0
DA:69,0
DA:70,0
DA:71,0
DA:72,0
DA:73,0
DA:79,0
DA:80,0
DA:81,0
DA:82,0
DA:84,0
DA:86,0
DA:87,0
DA:88,0
DA:90,0
DA:91,0
DA:93,0
DA:94,0
DA:95,0
DA:96,0
DA:97,0
DA:102,0
DA:104,0
DA:105,0
DA:106,0
DA:107,0
DA:108,0
DA:113,0
DA:115,0
DA:116,0
DA:117,0
DA:123,0
DA:124,0
DA:125,0
DA:126,0
DA:128,0
DA:129,0
DA:130,0
DA:131,0
DA:136,0
DA:137,0
DA:138,0
DA:141,0
DA:142,0
DA:148,0
DA:149,0
DA:150,0
DA:157,0
DA:158,0
DA:160,0
DA:161,0
DA:162,0
DA:163,0
DA:164,0
DA:165,0
DA:166,0
DA:167,0
DA:170,0
DA:172,0
LF:89
LH:0
end_of_record
SF:lib\UI\Views\EditDeleteView\EditDeleteTransactionView.dart
DA:22,0
DA:24,0
DA:25,0
DA:39,0
DA:40,0
DA:41,0
DA:42,0
DA:43,0
DA:44,0
DA:48,0
DA:49,0
DA:50,0
DA:54,0
DA:55,0
DA:57,0
DA:58,0
DA:63,0
DA:64,0
DA:67,0
DA:72,0
DA:73,0
DA:80,0
DA:82,0
DA:84,0
DA:85,0
DA:86,0
DA:87,0
DA:89,0
DA:90,0
DA:91,0
DA:92,0
DA:94,0
DA:95,0
DA:96,0
DA:97,0
DA:98,0
DA:99,0
DA:100,0
DA:102,0
DA:104,0
DA:105,0
DA:107,0
DA:110,0
DA:111,0
DA:112,0
DA:113,0
DA:114,0
DA:115,0
DA:116,0
DA:117,0
DA:118,0
DA:119,0
DA:120,0
DA:121,0
DA:122,0
DA:123,0
DA:124,0
DA:125,0
DA:127,0
DA:128,0
DA:130,0
DA:132,0
DA:136,0
DA:137,0
DA:138,0
DA:140,0
DA:141,0
DA:143,0
DA:145,0
DA:147,0
DA:149,0
DA:150,0
DA:153,0
DA:155,0
DA:156,0
DA:157,0
DA:159,0
DA:160,0
DA:161,0
DA:163,0
DA:164,0
DA:171,0
DA:173,0
DA:174,0
DA:175,0
DA:177,0
DA:181,0
DA:182,0
DA:183,0
DA:185,0
DA:186,0
DA:187,0
DA:188,0
LF:93
LH:0
end_of_record
SF:lib\UI\Widgets\Dialog\DeleteDialog.dart
DA:3,15
DA:5,1
DA:6,2
DA:8,1
DA:9,1
DA:10,2
DA:12,1
DA:13,1
DA:15,0
DA:16,0
DA:19,1
DA:21,0
DA:22,0
DA:30,0
DA:33,0
DA:41,1
DA:42,2
DA:44,1
DA:45,1
DA:46,2
DA:49,1
DA:50,1
DA:52,0
DA:53,0
DA:56,1
DA:58,0
DA:59,0
DA:67,0
DA:70,0
LF:29
LH:17
end_of_record
SF:lib\UI\Widgets\CategoryViewWidget\CategoryRowWidget.dart
DA:16,1
DA:19,1
DA:23,1
DA:26,1
DA:28,1
DA:30,1
DA:31,1
DA:32,1
DA:33,1
DA:34,1
DA:35,1
DA:36,7
DA:41,1
DA:42,1
DA:43,3
DA:44,2
DA:45,0
DA:47,0
DA:48,0
DA:53,1
DA:55,1
DA:56,1
DA:57,3
DA:60,1
DA:62,1
DA:63,1
DA:64,3
DA:65,1
DA:68,1
DA:69,0
DA:71,0
DA:74,1
DA:75,6
DA:76,1
LF:34
LH:29
end_of_record
SF:lib\UI\Widgets\CategoryViewWidget\CategoryCard.dart
DA:16,1
DA:19,1
DA:23,1
DA:26,1
DA:28,1
DA:30,1
DA:31,1
DA:32,3
DA:33,2
DA:34,0
DA:36,0
DA:37,0
DA:42,1
DA:43,1
DA:44,1
DA:45,1
DA:46,1
DA:47,7
DA:52,1
DA:54,1
DA:55,4
DA:56,1
DA:57,3
DA:58,1
DA:61,1
DA:62,0
DA:64,0
DA:67,1
DA:68,6
DA:69,1
LF:30
LH:25
end_of_record
SF:lib\UI\Widgets\Dialog\MonthYearDialog.dart
DA:7,1
DA:8,2
DA:12,1
DA:13,1
DA:15,1
DA:16,1
DA:19,1
DA:25,1
DA:26,1
DA:27,1
DA:29,1
DA:31,2
DA:32,1
DA:34,2
DA:36,1
DA:37,1
DA:38,2
DA:39,1
DA:40,1
DA:41,1
DA:42,1
DA:47,1
DA:48,1
DA:49,4
DA:50,4
DA:51,1
DA:52,1
DA:53,1
DA:54,1
DA:56,1
DA:57,1
DA:59,0
DA:63,2
DA:64,1
DA:65,1
DA:69,1
DA:70,1
DA:72,0
DA:76,2
DA:77,2
DA:78,1
DA:83,1
DA:85,1
DA:89,1
DA:91,1
DA:93,1
DA:96,1
DA:98,1
DA:105,1
DA:107,1
DA:108,1
DA:113,0
DA:114,0
DA:117,1
DA:122,0
DA:123,0
DA:135,0
DA:137,0
DA:140,0
DA:143,0
DA:148,0
DA:151,0
DA:152,0
DA:153,0
DA:155,0
DA:156,0
LF:66
LH:50
end_of_record
SF:lib\UI\Widgets\StatsWidget\CategoryStats.dart
DA:12,1
DA:14,1
DA:16,1
DA:17,1
DA:18,1
DA:19,1
DA:20,1
DA:23,1
DA:25,1
DA:26,4
DA:27,1
DA:28,3
DA:29,1
DA:32,1
DA:33,4
DA:34,1
DA:37,1
DA:38,4
DA:39,1
LF:19
LH:19
end_of_record
SF:lib\UI\Widgets\StatsWidget\HeaderCard.dart
DA:13,1
DA:15,1
DA:17,1
DA:18,1
DA:19,1
DA:22,1
DA:23,1
DA:24,1
DA:25,1
DA:26,1
DA:27,8
DA:28,1
DA:31,1
DA:32,3
DA:33,1
DA:36,1
DA:37,3
DA:38,1
LF:18
LH:18
end_of_record
SF:lib\UI\Widgets\StatsWidget\MonthlyStats.dart
DA:11,0
DA:13,0
DA:15,0
DA:16,0
DA:17,0
DA:18,0
DA:19,0
DA:20,0
DA:21,0
DA:22,0
DA:24,0
DA:26,0
DA:27,0
DA:28,0
DA:29,0
DA:30,0
DA:32,0
DA:33,0
DA:36,0
DA:37,0
DA:38,0
DA:39,0
DA:41,0
DA:45,0
DA:46,0
DA:47,0
DA:48,0
LF:27
LH:0
end_of_record
