SF:lib\UI\Widgets\CommonWidgets\CommonFunctions.dart
DA:1,4
DA:5,8
DA:6,16
DA:7,2
DA:8,2
LF:5
LH:5
end_of_record
SF:lib\Core\Constants\ColorPalette.dart
DA:6,0
DA:7,0
DA:9,0
DA:102,2
DA:103,2
DA:104,4
DA:105,4
LF:7
LH:4
end_of_record
SF:lib\Core\Constants\IconsLibrary.dart
DA:3,12
DA:67,2
DA:68,2
DA:69,6
DA:70,4
LF:5
LH:5
end_of_record
SF:lib\Core\Models\Category.dart
DA:8,3
DA:10,2
DA:11,4
DA:12,4
DA:13,4
DA:14,4
DA:15,4
DA:18,1
DA:19,6
DA:22,3
DA:23,3
DA:26,3
DA:27,3
DA:30,3
DA:31,3
DA:34,2
DA:35,2
DA:38,2
DA:39,2
DA:42,1
DA:43,1
DA:46,4
DA:47,4
DA:50,3
DA:51,3
DA:54,2
DA:55,2
DA:58,2
DA:59,2
LF:29
LH:29
end_of_record
SF:lib\Core\Models\MonthlyTransactionObject.dart
DA:7,4
DA:9,12
DA:11,2
DA:12,4
DA:13,2
DA:16,2
DA:17,2
DA:20,2
DA:21,2
DA:25,2
DA:26,6
DA:29,3
DA:30,3
DA:33,2
DA:34,2
LF:15
LH:15
end_of_record
SF:lib\Core\Models\Month.dart
DA:2,3
DA:4,9
DA:11,3
DA:12,3
DA:15,3
DA:16,3
DA:19,3
DA:20,3
DA:23,1
DA:24,1
DA:27,3
DA:28,3
DA:31,3
DA:32,3
DA:37,3
DA:39,9
DA:40,12
DA:41,3
DA:42,6
DA:43,6
LF:20
LH:20
end_of_record
SF:lib\Core\Models\UserTransaction.dart
DA:10,1
DA:12,2
DA:13,4
DA:14,4
DA:15,8
DA:16,4
DA:17,4
DA:18,4
DA:19,4
DA:22,1
DA:23,1
DA:24,1
DA:25,1
DA:26,1
DA:27,1
DA:28,1
DA:29,1
DA:30,1
DA:34,1
DA:35,1
DA:38,1
DA:39,1
DA:42,1
DA:43,1
DA:46,1
DA:47,1
DA:50,1
DA:51,1
DA:54,1
DA:55,1
DA:58,1
DA:59,1
DA:62,2
DA:63,2
DA:66,1
DA:67,1
DA:70,2
DA:71,2
DA:74,1
DA:75,1
DA:78,2
DA:79,2
DA:82,1
DA:83,1
DA:86,1
DA:87,1
LF:46
LH:46
end_of_record
SF:lib\Core\Services\MonthlyTransactionService.dart
DA:6,1
DA:7,3
DA:13,1
DA:14,1
DA:16,2
DA:21,1
DA:27,1
DA:28,1
DA:30,3
DA:31,3
DA:42,1
DA:45,1
DA:46,1
DA:47,2
DA:48,0
DA:49,0
DA:53,3
DA:55,1
DA:58,3
DA:59,3
DA:61,3
DA:62,5
DA:64,1
DA:65,3
DA:66,3
DA:69,2
DA:70,1
DA:75,1
DA:79,1
DA:81,3
DA:83,3
DA:88,2
DA:89,1
DA:94,1
DA:95,1
DA:96,1
DA:100,1
DA:102,2
DA:104,3
LF:39
LH:37
end_of_record
SF:lib\Core\Constants\SizeConfig.dart
DA:19,0
DA:20,0
DA:21,0
DA:22,0
DA:23,0
DA:24,0
DA:25,0
DA:28,0
DA:32,0
DA:37,0
LF:10
LH:0
end_of_record
SF:lib\Core\Services\Sqflite\CategoryDatabaseHelper.dart
DA:16,2
DA:18,2
DA:20,2
DA:26,2
DA:27,2
DA:28,0
DA:30,4
DA:31,0
DA:34,2
DA:35,4
DA:36,0
DA:37,0
DA:40,0
DA:41,0
DA:46,0
DA:48,0
DA:50,0
DA:52,0
DA:59,0
DA:60,0
DA:62,0
DA:69,2
DA:70,4
DA:72,0
DA:76,0
DA:77,0
DA:79,0
DA:84,0
DA:85,0
DA:87,0
LF:30
LH:10
end_of_record
SF:lib\Core\Services\Sqflite\TransactionDatabase.dart
DA:13,2
DA:15,2
DA:17,2
DA:23,2
DA:24,2
DA:25,0
DA:27,4
DA:28,0
DA:31,2
DA:32,4
DA:33,0
DA:34,0
DA:37,0
DA:38,0
DA:43,0
DA:45,0
DA:47,0
DA:49,0
DA:56,0
DA:57,0
DA:59,0
DA:66,0
DA:67,0
DA:69,0
DA:73,2
DA:74,4
DA:76,0
DA:77,0
DA:81,1
DA:82,2
DA:84,0
DA:86,0
DA:92,0
DA:93,0
DA:95,0
DA:101,0
DA:102,0
DA:104,0
LF:38
LH:12
end_of_record
SF:lib\Core\ViewModels\AppProvider.dart
DA:28,2
DA:29,2
DA:30,6
DA:32,4
DA:33,0
DA:34,0
DA:35,0
DA:39,4
DA:40,0
DA:42,0
DA:43,0
DA:44,0
DA:56,2
DA:57,2
DA:58,2
DA:63,0
DA:64,0
DA:65,0
DA:69,0
DA:71,0
DA:72,0
DA:73,0
DA:74,0
DA:79,1
DA:80,1
DA:86,0
DA:87,0
DA:90,0
DA:91,0
DA:95,0
DA:96,0
DA:105,1
DA:106,2
DA:109,0
DA:110,0
DA:115,0
DA:116,0
DA:119,0
DA:120,0
DA:124,0
DA:125,0
DA:131,0
DA:132,0
DA:136,0
DA:137,0
DA:138,0
DA:143,0
DA:144,0
DA:145,0
DA:149,0
DA:151,0
DA:153,0
DA:154,0
DA:157,0
DA:158,0
DA:159,0
DA:167,0
DA:168,0
DA:169,0
DA:170,0
DA:173,0
DA:174,0
DA:175,0
DA:178,0
DA:179,0
DA:180,0
DA:182,0
DA:183,0
DA:184,0
DA:185,0
DA:186,0
DA:192,1
DA:193,2
DA:195,4
DA:196,0
DA:197,0
DA:202,0
DA:203,0
DA:205,0
DA:214,0
DA:215,0
DA:216,0
DA:217,0
DA:218,0
DA:219,0
DA:220,0
DA:221,0
DA:223,0
DA:227,0
DA:229,0
DA:230,0
DA:231,0
DA:232,0
DA:233,0
DA:234,0
DA:235,0
DA:236,0
DA:238,0
DA:242,0
DA:243,0
DA:247,0
DA:248,0
DA:253,0
DA:254,0
DA:258,1
DA:259,2
DA:260,2
DA:262,3
DA:266,2
DA:267,4
DA:268,4
DA:270,6
DA:273,0
DA:274,0
DA:275,0
DA:276,0
DA:277,0
DA:278,0
DA:280,0
DA:283,0
DA:284,0
DA:287,2
DA:288,6
DA:292,0
DA:293,0
DA:294,0
DA:295,0
DA:296,0
DA:297,0
DA:298,0
DA:300,0
DA:303,0
DA:304,0
LF:133
LH:25
end_of_record
SF:lib\UI\Views\AddExpenseView\AddTransactionView.dart
DA:11,1
DA:12,1
DA:29,1
DA:32,2
DA:33,2
DA:34,2
DA:36,1
DA:39,0
DA:40,0
DA:41,0
DA:48,0
DA:49,0
DA:50,0
DA:51,0
DA:52,0
DA:53,0
DA:54,0
DA:55,0
DA:59,1
DA:61,1
DA:62,1
DA:63,1
DA:64,0
DA:65,0
DA:67,1
DA:68,1
DA:69,1
DA:70,1
DA:72,1
DA:73,1
DA:76,2
DA:78,0
DA:79,0
DA:80,0
DA:81,0
DA:83,0
DA:87,1
DA:90,1
DA:92,1
DA:95,2
DA:97,0
DA:98,0
DA:99,0
DA:100,0
DA:101,0
DA:102,0
DA:103,0
DA:104,0
DA:106,0
DA:107,0
DA:108,0
DA:109,0
DA:110,0
DA:111,0
DA:112,0
DA:113,0
DA:116,0
DA:122,1
DA:123,1
DA:124,1
DA:126,1
DA:127,5
DA:129,5
DA:131,5
DA:133,1
DA:135,1
DA:136,1
DA:139,1
DA:141,1
DA:142,2
DA:143,2
DA:145,0
DA:146,0
DA:147,0
DA:149,0
DA:150,0
DA:157,1
DA:159,1
DA:160,1
DA:161,1
DA:163,1
DA:167,1
DA:168,2
DA:169,1
DA:171,0
DA:172,0
DA:173,0
DA:174,0
LF:88
LH:44
end_of_record
SF:lib\UI\Widgets\FormWidgets\RaisedButtonWidget.dart
DA:5,0
DA:11,1
DA:12,1
DA:13,1
DA:15,1
DA:19,1
DA:20,1
DA:23,1
DA:27,1
DA:30,1
DA:32,1
DA:33,1
DA:35,2
DA:36,1
LF:14
LH:13
end_of_record
SF:lib\UI\Widgets\FormWidgets\TextfieldWidget.dart
DA:5,1
DA:7,1
DA:9,1
DA:11,1
DA:13,1
DA:14,1
DA:16,1
DA:17,1
DA:19,1
DA:26,0
DA:27,0
DA:28,0
DA:29,0
DA:30,0
DA:34,1
DA:35,1
DA:36,1
DA:37,0
DA:38,0
DA:44,0
DA:45,0
DA:47,0
DA:50,0
DA:53,0
DA:55,0
DA:60,0
DA:66,0
DA:68,0
DA:70,0
DA:71,0
DA:72,0
DA:73,0
DA:74,0
DA:75,0
DA:77,0
DA:79,0
DA:83,0
DA:84,0
DA:85,0
DA:86,0
LF:40
LH:12
end_of_record
SF:lib\UI\Widgets\Dialog\ErrorDialog.dart
DA:4,1
DA:5,2
DA:7,1
DA:8,1
DA:9,2
DA:10,1
DA:11,1
DA:12,1
DA:14,0
DA:15,0
DA:23,1
DA:24,2
DA:26,1
DA:27,1
DA:28,2
DA:30,1
DA:31,1
DA:33,0
DA:34,0
DA:36,0
DA:37,0
DA:42,1
DA:44,0
DA:45,0
LF:24
LH:16
end_of_record
SF:lib\UI\Widgets\Dialog\AddTxDialogPickers.dart
DA:6,36
DA:8,1
DA:9,2
DA:11,1
DA:12,1
DA:13,1
DA:18,0
DA:22,1
DA:23,2
DA:25,1
DA:26,1
DA:27,2
DA:28,1
DA:29,1
DA:31,1
DA:36,1
DA:37,1
DA:38,4
DA:39,4
DA:40,1
DA:41,2
DA:42,1
DA:43,1
DA:44,4
DA:45,3
DA:47,0
DA:48,0
DA:51,1
LF:28
LH:25
end_of_record
SF:lib\UI\Views\CategoryTransactionView\CategoryTransactionView.dart
DA:17,0
DA:19,0
DA:21,0
DA:22,0
DA:23,0
DA:24,0
DA:25,0
DA:26,0
DA:27,0
DA:28,0
DA:29,0
DA:31,0
DA:33,0
DA:35,0
DA:36,0
DA:38,0
DA:39,0
DA:40,0
DA:45,0
DA:46,0
DA:47,0
DA:48,0
DA:49,0
DA:51,0
DA:53,0
DA:54,0
DA:56,0
DA:57,0
DA:64,0
DA:65,0
DA:66,0
DA:67,0
DA:69,0
DA:70,0
DA:73,0
DA:74,0
DA:75,0
LF:37
LH:0
end_of_record
SF:lib\UI\Widgets\MonthlyViewWidget\TransactionItemCard.dart
DA:13,0
DA:15,0
DA:17,0
DA:19,0
DA:20,0
DA:21,0
DA:22,0
DA:23,0
DA:24,0
DA:28,0
DA:29,0
DA:32,0
DA:33,0
DA:34,0
DA:36,0
DA:37,0
DA:38,0
DA:42,0
DA:43,0
DA:44,0
DA:45,0
DA:46,0
DA:47,0
DA:48,0
DA:49,0
DA:53,0
DA:54,0
DA:55,0
DA:56,0
DA:57,0
DA:60,0
DA:61,0
DA:62,0
DA:64,0
DA:65,0
DA:66,0
DA:67,0
DA:69,0
DA:70,0
DA:71,0
DA:75,0
DA:77,0
DA:78,0
DA:79,0
DA:80,0
DA:82,0
DA:83,0
DA:84,0
DA:86,0
DA:87,0
DA:88,0
DA:93,0
DA:94,0
LF:53
LH:0
end_of_record
SF:lib\UI\Views\CreateCategoryView\CreateCategoriesListView.dart
DA:11,0
DA:13,0
DA:15,0
DA:16,0
DA:17,0
DA:18,0
DA:19,0
DA:20,0
DA:21,0
DA:22,0
DA:23,0
DA:26,0
DA:27,0
DA:28,0
DA:30,0
DA:31,0
DA:32,0
DA:33,0
DA:34,0
DA:36,0
DA:37,0
DA:38,0
DA:39,0
DA:40,0
DA:43,0
DA:44,0
DA:45,0
DA:47,0
DA:51,0
DA:52,0
DA:54,0
DA:55,0
DA:56,0
DA:57,0
DA:58,0
DA:59,0
DA:60,0
DA:62,0
DA:63,0
DA:71,0
DA:73,0
DA:74,0
DA:75,0
DA:76,0
DA:78,0
DA:79,0
DA:81,0
DA:82,0
DA:84,0
DA:85,0
DA:86,0
DA:87,0
LF:52
LH:0
end_of_record
SF:lib\UI\Views\EditCategoryView\EditCategoryView.dart
DA:23,0
DA:25,0
DA:26,0
DA:36,0
DA:37,0
DA:38,0
DA:39,0
DA:40,0
DA:41,0
DA:44,0
DA:45,0
DA:46,0
DA:50,0
DA:51,0
DA:52,0
DA:53,0
DA:57,0
DA:59,0
DA:60,0
DA:62,0
DA:65,0
DA:67,0
DA:68,0
DA:69,0
DA:70,0
DA:71,0
DA:73,0
DA:74,0
DA:75,0
DA:76,0
DA:77,0
DA:78,0
DA:79,0
DA:80,0
DA:81,0
DA:82,0
DA:83,0
DA:84,0
DA:85,0
DA:91,0
DA:92,0
DA:93,0
DA:94,0
DA:96,0
DA:98,0
DA:99,0
DA:100,0
DA:102,0
DA:103,0
DA:105,0
DA:106,0
DA:107,0
DA:108,0
DA:109,0
DA:114,0
DA:116,0
DA:117,0
DA:118,0
DA:119,0
DA:120,0
DA:125,0
DA:127,0
DA:128,0
DA:129,0
DA:135,0
DA:136,0
DA:137,0
DA:138,0
DA:140,0
DA:141,0
DA:142,0
DA:143,0
DA:148,0
DA:149,0
DA:150,0
DA:153,0
DA:154,0
DA:160,0
DA:161,0
DA:162,0
DA:169,0
DA:170,0
DA:172,0
DA:173,0
DA:174,0
DA:175,0
DA:176,0
DA:177,0
DA:179,0
DA:181,0
LF:90
LH:0
end_of_record
SF:lib\UI\Widgets\Dialog\DeleteDialog.dart
DA:3,12
DA:5,1
DA:6,2
DA:8,1
DA:9,1
DA:10,2
DA:12,1
DA:13,1
DA:15,0
DA:16,0
DA:19,1
DA:21,0
DA:22,0
DA:31,0
DA:34,0
DA:42,0
DA:43,0
DA:45,0
DA:46,0
DA:47,0
DA:50,0
DA:51,0
DA:53,0
DA:54,0
DA:57,0
DA:59,0
DA:60,0
DA:69,0
DA:72,0
LF:29
LH:9
end_of_record
SF:lib\UI\Views\CreateCategoryView\CreateCategoryView.dart
DA:17,0
DA:18,0
DA:30,0
DA:31,0
DA:32,0
DA:36,0
DA:37,0
DA:38,0
DA:39,0
DA:43,0
DA:45,0
DA:46,0
DA:48,0
DA:49,0
DA:51,0
DA:54,0
DA:56,0
DA:57,0
DA:60,0
DA:62,0
DA:63,0
DA:64,0
DA:65,0
DA:66,0
DA:68,0
DA:69,0
DA:70,0
DA:71,0
DA:72,0
DA:73,0
DA:74,0
DA:75,0
DA:76,0
DA:77,0
DA:78,0
DA:79,0
DA:80,0
DA:86,0
DA:87,0
DA:88,0
DA:89,0
DA:90,0
DA:91,0
DA:92,0
DA:94,0
DA:95,0
DA:97,0
DA:98,0
DA:99,0
DA:100,0
DA:101,0
DA:106,0
DA:108,0
DA:109,0
DA:110,0
DA:111,0
DA:112,0
DA:117,0
DA:119,0
DA:120,0
DA:121,0
DA:127,0
DA:128,0
DA:129,0
DA:130,0
DA:132,0
DA:133,0
DA:134,0
DA:135,0
DA:140,0
DA:141,0
DA:142,0
DA:145,0
DA:146,0
DA:152,0
DA:153,0
DA:154,0
DA:161,0
DA:162,0
DA:164,0
DA:165,0
DA:166,0
DA:167,0
DA:168,0
DA:171,0
DA:172,0
DA:174,0
DA:175,0
DA:176,0
DA:177,0
DA:178,0
DA:179,0
DA:180,0
DA:183,0
DA:187,0
DA:191,0
DA:194,0
LF:97
LH:0
end_of_record
SF:lib\UI\Widgets\Dialog\ConfirmationAlertDialog.dart
DA:3,12
DA:5,1
DA:6,2
DA:8,1
DA:9,1
DA:10,2
DA:11,1
DA:12,1
DA:13,1
DA:15,0
DA:16,0
DA:19,1
DA:21,0
DA:22,0
DA:31,0
DA:34,0
LF:16
LH:10
end_of_record
SF:lib\UI\Widgets\CommonWidgets\TopTextButtonStack.dart
DA:10,1
DA:12,1
DA:14,2
DA:15,1
DA:17,1
DA:18,1
DA:20,1
DA:23,1
DA:25,1
DA:28,2
DA:30,1
DA:31,3
DA:32,1
DA:33,0
DA:35,1
DA:36,0
DA:38,1
DA:39,0
DA:42,1
LF:19
LH:16
end_of_record
SF:lib\UI\Widgets\Dialog\CategoryIconDialog.dart
DA:4,1
DA:5,2
DA:7,1
DA:8,1
DA:9,2
DA:10,1
DA:11,1
DA:13,1
DA:18,1
DA:19,1
DA:20,4
DA:21,4
DA:22,1
DA:24,3
DA:25,1
DA:26,2
DA:27,0
DA:28,0
DA:31,1
LF:19
LH:17
end_of_record
SF:lib\UI\Widgets\Dialog\ColorDialog.dart
DA:4,1
DA:5,2
DA:7,1
DA:8,1
DA:9,2
DA:10,1
DA:11,1
DA:13,1
DA:18,1
DA:19,1
DA:20,4
DA:21,4
DA:22,1
DA:26,3
DA:27,1
DA:28,1
DA:29,1
DA:30,1
DA:32,0
DA:33,0
DA:46,1
LF:21
LH:19
end_of_record
SF:lib\UI\Views\EditDeleteView\EditDeleteTransactionView.dart
DA:20,0
DA:22,0
DA:23,0
DA:37,0
DA:38,0
DA:39,0
DA:40,0
DA:41,0
DA:42,0
DA:46,0
DA:47,0
DA:48,0
DA:52,0
DA:54,0
DA:56,0
DA:57,0
DA:58,0
DA:59,0
DA:61,0
DA:62,0
DA:63,0
DA:64,0
DA:66,0
DA:67,0
DA:70,0
DA:72,0
DA:73,0
DA:76,0
DA:79,0
DA:81,0
DA:82,0
DA:83,0
DA:86,0
DA:88,0
DA:89,0
DA:91,0
DA:92,0
DA:93,0
DA:94,0
DA:100,0
DA:103,0
DA:105,0
DA:106,0
DA:107,0
DA:108,0
DA:109,0
DA:110,0
DA:111,0
DA:113,0
DA:114,0
DA:115,0
DA:116,0
DA:117,0
DA:118,0
DA:119,0
DA:120,0
DA:121,0
DA:122,0
DA:123,0
DA:124,0
DA:128,0
DA:136,0
DA:137,0
DA:138,0
DA:140,0
DA:141,0
DA:143,0
DA:145,0
DA:147,0
DA:149,0
DA:150,0
DA:153,0
DA:155,0
DA:156,0
DA:157,0
DA:159,0
DA:160,0
DA:161,0
DA:163,0
DA:164,0
DA:171,0
DA:173,0
DA:174,0
DA:175,0
DA:177,0
DA:181,0
DA:182,0
DA:183,0
DA:185,0
DA:186,0
DA:187,0
DA:188,0
LF:92
LH:0
end_of_record
SF:lib\UI\Widgets\CategoryViewWidget\CategoryCard.dart
DA:16,1
DA:18,1
DA:20,1
DA:22,1
DA:23,1
DA:24,3
DA:25,2
DA:26,0
DA:28,0
DA:29,0
DA:34,1
DA:35,1
DA:36,1
DA:37,1
DA:38,1
DA:39,7
DA:44,1
DA:46,1
DA:47,5
DA:48,1
DA:49,3
DA:50,1
DA:53,1
DA:54,6
DA:55,1
LF:25
LH:22
end_of_record
